This file contains any messages produced by compilers while
running configure, to aid debugging if configure makes a mistake.

It was created by configure, which was
generated by GNU Autoconf 2.68.  Invocation command line was

  $ ./configure LIBS=-lXsocket -ldagaddr

## --------- ##
## Platform. ##
## --------- ##

hostname = ubuntu
uname -m = i686
uname -r = 3.5.0-23-generic
uname -s = Linux
uname -v = #35~precise1-Ubuntu SMP Fri Jan 25 17:15:33 UTC 2013

/usr/bin/uname -p = unknown
/bin/uname -X     = unknown

/bin/arch              = unknown
/usr/bin/arch -k       = unknown
/usr/convex/getsysinfo = unknown
/usr/bin/hostinfo      = unknown
/bin/machine           = unknown
/usr/bin/oslevel       = unknown
/bin/universe          = unknown

PATH: /usr/lib/lightdm/lightdm
PATH: /usr/local/sbin
PATH: /usr/local/bin
PATH: /usr/sbin
PATH: /usr/bin
PATH: /sbin
PATH: /bin
PATH: /usr/games


## ----------- ##
## Core tests. ##
## ----------- ##

configure:2228: eXosip2                                The Extended Open SIP library.
configure:2230: Copyright (C) 2002,2003,2004,2005,2006,2007,2008,2009 Aymeric MOIZARD - <jack@atosc.org>
configure:2257: result: Configuring libeXosip2 3.6.0
configure:2260: result: Building Package on linux
configure:2310: checking for a BSD-compatible install
configure:2378: result: /usr/bin/install -c
configure:2389: checking whether build environment is sane
configure:2439: result: yes
configure:2580: checking for a thread-safe mkdir -p
configure:2619: result: /bin/mkdir -p
configure:2632: checking for gawk
configure:2662: result: no
configure:2632: checking for mawk
configure:2648: found /usr/bin/mawk
configure:2659: result: mawk
configure:2670: checking whether make sets $(MAKE)
configure:2692: result: yes
configure:2791: checking build system type
configure:2805: result: i686-pc-linux-gnu
configure:2825: checking host system type
configure:2838: result: i686-pc-linux-gnu
configure:2910: checking for gcc
configure:2926: found /usr/bin/gcc
configure:2937: result: gcc
configure:3166: checking for C compiler version
configure:3175: gcc --version >&5
gcc (Ubuntu/Linaro 4.6.3-1ubuntu5) 4.6.3
Copyright (C) 2011 Free Software Foundation, Inc.
This is free software; see the source for copying conditions.  There is NO
warranty; not even for MERCHANTABILITY or FITNESS FOR A PARTICULAR PURPOSE.

configure:3186: $? = 0
configure:3175: gcc -v >&5
Using built-in specs.
COLLECT_GCC=gcc
COLLECT_LTO_WRAPPER=/usr/lib/gcc/i686-linux-gnu/4.6/lto-wrapper
Target: i686-linux-gnu
Configured with: ../src/configure -v --with-pkgversion='Ubuntu/Linaro 4.6.3-1ubuntu5' --with-bugurl=file:///usr/share/doc/gcc-4.6/README.Bugs --enable-languages=c,c++,fortran,objc,obj-c++ --prefix=/usr --program-suffix=-4.6 --enable-shared --enable-linker-build-id --with-system-zlib --libexecdir=/usr/lib --without-included-gettext --enable-threads=posix --with-gxx-include-dir=/usr/include/c++/4.6 --libdir=/usr/lib --enable-nls --with-sysroot=/ --enable-clocale=gnu --enable-libstdcxx-debug --enable-libstdcxx-time=yes --enable-gnu-unique-object --enable-plugin --enable-objc-gc --enable-targets=all --disable-werror --with-arch-32=i686 --with-tune=generic --enable-checking=release --build=i686-linux-gnu --host=i686-linux-gnu --target=i686-linux-gnu
Thread model: posix
gcc version 4.6.3 (Ubuntu/Linaro 4.6.3-1ubuntu5) 
configure:3186: $? = 0
configure:3175: gcc -V >&5
gcc: error: unrecognized option '-V'
gcc: fatal error: no input files
compilation terminated.
configure:3186: $? = 4
configure:3175: gcc -qversion >&5
gcc: error: unrecognized option '-qversion'
gcc: fatal error: no input files
compilation terminated.
configure:3186: $? = 4
configure:3206: checking whether the C compiler works
configure:3228: gcc    conftest.c -lXsocket -ldagaddr >&5
configure:3232: $? = 0
configure:3280: result: yes
configure:3283: checking for C compiler default output file name
configure:3285: result: a.out
configure:3291: checking for suffix of executables
configure:3298: gcc -o conftest    conftest.c -lXsocket -ldagaddr >&5
configure:3302: $? = 0
configure:3324: result: 
configure:3346: checking whether we are cross compiling
configure:3354: gcc -o conftest    conftest.c -lXsocket -ldagaddr >&5
configure:3358: $? = 0
configure:3365: ./conftest
configure:3369: $? = 0
configure:3384: result: no
configure:3389: checking for suffix of object files
configure:3411: gcc -c   conftest.c >&5
configure:3415: $? = 0
configure:3436: result: o
configure:3440: checking whether we are using the GNU C compiler
configure:3459: gcc -c   conftest.c >&5
configure:3459: $? = 0
configure:3468: result: yes
configure:3477: checking whether gcc accepts -g
configure:3497: gcc -c -g  conftest.c >&5
configure:3497: $? = 0
configure:3538: result: yes
configure:3555: checking for gcc option to accept ISO C89
configure:3619: gcc  -c -g -O2  conftest.c >&5
configure:3619: $? = 0
configure:3632: result: none needed
configure:3663: checking for style of include used by make
configure:3691: result: GNU
configure:3717: checking dependency style of gcc
configure:3828: result: gcc3
configure:3848: checking how to run the C preprocessor
configure:3879: gcc -E  conftest.c
configure:3879: $? = 0
configure:3893: gcc -E  conftest.c
conftest.c:11:28: fatal error: ac_nonexistent.h: No such file or directory
compilation terminated.
configure:3893: $? = 1
configure: failed program was:
| /* confdefs.h */
| #define PACKAGE_NAME ""
| #define PACKAGE_TARNAME ""
| #define PACKAGE_VERSION ""
| #define PACKAGE_STRING ""
| #define PACKAGE_BUGREPORT ""
| #define PACKAGE_URL ""
| #define PACKAGE "libeXosip2"
| #define VERSION "3.6.0"
| /* end confdefs.h.  */
| #include <ac_nonexistent.h>
configure:3918: result: gcc -E
configure:3938: gcc -E  conftest.c
configure:3938: $? = 0
configure:3952: gcc -E  conftest.c
conftest.c:11:28: fatal error: ac_nonexistent.h: No such file or directory
compilation terminated.
configure:3952: $? = 1
configure: failed program was:
| /* confdefs.h */
| #define PACKAGE_NAME ""
| #define PACKAGE_TARNAME ""
| #define PACKAGE_VERSION ""
| #define PACKAGE_STRING ""
| #define PACKAGE_BUGREPORT ""
| #define PACKAGE_URL ""
| #define PACKAGE "libeXosip2"
| #define VERSION "3.6.0"
| /* end confdefs.h.  */
| #include <ac_nonexistent.h>
configure:3982: checking for a sed that does not truncate output
configure:4046: result: /bin/sed
configure:4097: checking how to print strings
configure:4124: result: printf
configure:4145: checking for a sed that does not truncate output
configure:4209: result: /bin/sed
configure:4227: checking for grep that handles long lines and -e
configure:4285: result: /bin/grep
configure:4290: checking for egrep
configure:4352: result: /bin/grep -E
configure:4357: checking for fgrep
configure:4419: result: /bin/grep -F
configure:4454: checking for ld used by gcc
configure:4521: result: /usr/bin/ld
configure:4528: checking if the linker (/usr/bin/ld) is GNU ld
configure:4543: result: yes
configure:4555: checking for BSD- or MS-compatible name lister (nm)
configure:4604: result: /usr/bin/nm -B
configure:4734: checking the name lister (/usr/bin/nm -B) interface
configure:4741: gcc -c -g -O2  conftest.c >&5
configure:4744: /usr/bin/nm -B "conftest.o"
configure:4747: output
00000000 B some_variable
configure:4754: result: BSD nm
configure:4757: checking whether ln -s works
configure:4761: result: yes
configure:4769: checking the maximum length of command line arguments
configure:4899: result: 1572864
configure:4916: checking whether the shell understands some XSI constructs
configure:4926: result: yes
configure:4930: checking whether the shell understands "+="
configure:4936: result: yes
configure:4971: checking how to convert i686-pc-linux-gnu file names to i686-pc-linux-gnu format
configure:5011: result: func_convert_file_noop
configure:5018: checking how to convert i686-pc-linux-gnu file names to toolchain format
configure:5038: result: func_convert_file_noop
configure:5045: checking for /usr/bin/ld option to reload object files
configure:5052: result: -r
configure:5126: checking for objdump
configure:5142: found /usr/bin/objdump
configure:5153: result: objdump
configure:5185: checking how to recognize dependent libraries
configure:5387: result: pass_all
configure:5472: checking for dlltool
configure:5502: result: no
configure:5532: checking how to associate runtime and link libraries
configure:5559: result: printf %s\n
configure:5620: checking for ar
configure:5636: found /usr/bin/ar
configure:5647: result: ar
configure:5684: checking for archiver @FILE support
configure:5701: gcc -c -g -O2  conftest.c >&5
configure:5701: $? = 0
configure:5704: ar cru libconftest.a @conftest.lst >&5
configure:5707: $? = 0
configure:5712: ar cru libconftest.a @conftest.lst >&5
ar: conftest.o: No such file or directory
configure:5715: $? = 1
configure:5727: result: @
configure:5785: checking for strip
configure:5801: found /usr/bin/strip
configure:5812: result: strip
configure:5884: checking for ranlib
configure:5900: found /usr/bin/ranlib
configure:5911: result: ranlib
configure:6013: checking command to parse /usr/bin/nm -B output from gcc object
configure:6133: gcc -c -g -O2  conftest.c >&5
configure:6136: $? = 0
configure:6140: /usr/bin/nm -B conftest.o \| sed -n -e 's/^.*[ ]\([ABCDGIRSTW][ABCDGIRSTW]*\)[ ][ ]*\([_A-Za-z][_A-Za-z0-9]*\)$/\1 \2 \2/p' | sed '/ __gnu_lto/d' \> conftest.nm
configure:6143: $? = 0
configure:6209: gcc -o conftest -g -O2   conftest.c conftstm.o >&5
configure:6212: $? = 0
configure:6250: result: ok
configure:6287: checking for sysroot
configure:6317: result: no
configure:6573: checking for mt
configure:6589: found /bin/mt
configure:6600: result: mt
configure:6623: checking if mt is a manifest tool
configure:6629: mt '-?'
configure:6637: result: no
configure:7275: checking for ANSI C header files
configure:7295: gcc -c -g -O2  conftest.c >&5
configure:7295: $? = 0
configure:7368: gcc -o conftest -g -O2   conftest.c -lXsocket -ldagaddr >&5
configure:7368: $? = 0
configure:7368: ./conftest
configure:7368: $? = 0
configure:7379: result: yes
configure:7392: checking for sys/types.h
configure:7392: gcc -c -g -O2  conftest.c >&5
configure:7392: $? = 0
configure:7392: result: yes
configure:7392: checking for sys/stat.h
configure:7392: gcc -c -g -O2  conftest.c >&5
configure:7392: $? = 0
configure:7392: result: yes
configure:7392: checking for stdlib.h
configure:7392: gcc -c -g -O2  conftest.c >&5
configure:7392: $? = 0
configure:7392: result: yes
configure:7392: checking for string.h
configure:7392: gcc -c -g -O2  conftest.c >&5
configure:7392: $? = 0
configure:7392: result: yes
configure:7392: checking for memory.h
configure:7392: gcc -c -g -O2  conftest.c >&5
configure:7392: $? = 0
configure:7392: result: yes
configure:7392: checking for strings.h
configure:7392: gcc -c -g -O2  conftest.c >&5
configure:7392: $? = 0
configure:7392: result: yes
configure:7392: checking for inttypes.h
configure:7392: gcc -c -g -O2  conftest.c >&5
configure:7392: $? = 0
configure:7392: result: yes
configure:7392: checking for stdint.h
configure:7392: gcc -c -g -O2  conftest.c >&5
configure:7392: $? = 0
configure:7392: result: yes
configure:7392: checking for unistd.h
configure:7392: gcc -c -g -O2  conftest.c >&5
configure:7392: $? = 0
configure:7392: result: yes
configure:7406: checking for dlfcn.h
configure:7406: gcc -c -g -O2  conftest.c >&5
configure:7406: $? = 0
configure:7406: result: yes
configure:7612: checking for objdir
configure:7627: result: .libs
configure:7894: checking if gcc supports -fno-rtti -fno-exceptions
configure:7912: gcc -c -g -O2  -fno-rtti -fno-exceptions conftest.c >&5
cc1: warning: command line option '-fno-rtti' is valid for C++/ObjC++ but not for C [enabled by default]
configure:7916: $? = 0
configure:7929: result: no
configure:8256: checking for gcc option to produce PIC
configure:8263: result: -fPIC -DPIC
configure:8271: checking if gcc PIC flag -fPIC -DPIC works
configure:8289: gcc -c -g -O2  -fPIC -DPIC -DPIC conftest.c >&5
configure:8293: $? = 0
configure:8306: result: yes
configure:8335: checking if gcc static flag -static works
configure:8363: result: no
configure:8378: checking if gcc supports -c -o file.o
configure:8399: gcc -c -g -O2  -o out/conftest2.o conftest.c >&5
configure:8403: $? = 0
configure:8425: result: yes
configure:8433: checking if gcc supports -c -o file.o
configure:8480: result: yes
configure:8513: checking whether the gcc linker (/usr/bin/ld) supports shared libraries
configure:9670: result: yes
configure:9707: checking whether -lc should be explicitly linked in
configure:9715: gcc -c -g -O2  conftest.c >&5
configure:9718: $? = 0
configure:9733: gcc -shared  -fPIC -DPIC conftest.o  -v -Wl,-soname -Wl,conftest -o conftest 2\>\&1 \| /bin/grep  -lc  \>/dev/null 2\>\&1
configure:9736: $? = 0
configure:9750: result: no
configure:9910: checking dynamic linker characteristics
configure:10421: gcc -o conftest -g -O2   -Wl,-rpath -Wl,/foo conftest.c -lXsocket -ldagaddr >&5
configure:10421: $? = 0
configure:10655: result: GNU/Linux ld.so
configure:10762: checking how to hardcode library paths into programs
configure:10787: result: immediate
configure:11327: checking whether stripping libraries is possible
configure:11332: result: yes
configure:11367: checking if libtool supports shared libraries
configure:11369: result: yes
configure:11372: checking whether to build shared libraries
configure:11393: result: yes
configure:11396: checking whether to build static libraries
configure:11400: result: yes
configure:11638: checking for the pthreads library -lpthreads
configure:11671: gcc -o conftest -g -O2    conftest.c -lpthreads -lXsocket -ldagaddr >&5
/usr/bin/ld: cannot find -lpthreads
collect2: ld returned 1 exit status
configure:11671: $? = 1
configure: failed program was:
| /* confdefs.h */
| #define PACKAGE_NAME ""
| #define PACKAGE_TARNAME ""
| #define PACKAGE_VERSION ""
| #define PACKAGE_STRING ""
| #define PACKAGE_BUGREPORT ""
| #define PACKAGE_URL ""
| #define PACKAGE "libeXosip2"
| #define VERSION "3.6.0"
| #define STDC_HEADERS 1
| #define HAVE_SYS_TYPES_H 1
| #define HAVE_SYS_STAT_H 1
| #define HAVE_STDLIB_H 1
| #define HAVE_STRING_H 1
| #define HAVE_MEMORY_H 1
| #define HAVE_STRINGS_H 1
| #define HAVE_INTTYPES_H 1
| #define HAVE_STDINT_H 1
| #define HAVE_UNISTD_H 1
| #define HAVE_DLFCN_H 1
| #define LT_OBJDIR ".libs/"
| /* end confdefs.h.  */
| #include <pthread.h>
| int
| main ()
| {
| pthread_t th; pthread_join(th, 0);
|                      pthread_attr_init(0); pthread_cleanup_push(0, 0);
|                      pthread_create(0,0,0,0); pthread_cleanup_pop(0);
|   ;
|   return 0;
| }
configure:11680: result: no
configure:11627: checking whether pthreads work without any flags
configure:11671: gcc -o conftest -g -O2    conftest.c  -lXsocket -ldagaddr >&5
/tmp/ccmp0BRo.o: In function `main':
/home/roger/sip_linphone/exosip/conftest.c:27: undefined reference to `pthread_join'
/home/roger/sip_linphone/exosip/conftest.c:28: undefined reference to `__pthread_register_cancel'
/home/roger/sip_linphone/exosip/conftest.c:29: undefined reference to `pthread_create'
/home/roger/sip_linphone/exosip/conftest.c:29: undefined reference to `__pthread_unregister_cancel'
collect2: ld returned 1 exit status
configure:11671: $? = 1
configure: failed program was:
| /* confdefs.h */
| #define PACKAGE_NAME ""
| #define PACKAGE_TARNAME ""
| #define PACKAGE_VERSION ""
| #define PACKAGE_STRING ""
| #define PACKAGE_BUGREPORT ""
| #define PACKAGE_URL ""
| #define PACKAGE "libeXosip2"
| #define VERSION "3.6.0"
| #define STDC_HEADERS 1
| #define HAVE_SYS_TYPES_H 1
| #define HAVE_SYS_STAT_H 1
| #define HAVE_STDLIB_H 1
| #define HAVE_STRING_H 1
| #define HAVE_MEMORY_H 1
| #define HAVE_STRINGS_H 1
| #define HAVE_INTTYPES_H 1
| #define HAVE_STDINT_H 1
| #define HAVE_UNISTD_H 1
| #define HAVE_DLFCN_H 1
| #define LT_OBJDIR ".libs/"
| /* end confdefs.h.  */
| #include <pthread.h>
| int
| main ()
| {
| pthread_t th; pthread_join(th, 0);
|                      pthread_attr_init(0); pthread_cleanup_push(0, 0);
|                      pthread_create(0,0,0,0); pthread_cleanup_pop(0);
|   ;
|   return 0;
| }
configure:11680: result: no
configure:11632: checking whether pthreads work with -Kthread
configure:11671: gcc -o conftest -g -O2 -Kthread   conftest.c  -lXsocket -ldagaddr >&5
gcc: error: unrecognized option '-Kthread'
configure:11671: $? = 1
configure: failed program was:
| /* confdefs.h */
| #define PACKAGE_NAME ""
| #define PACKAGE_TARNAME ""
| #define PACKAGE_VERSION ""
| #define PACKAGE_STRING ""
| #define PACKAGE_BUGREPORT ""
| #define PACKAGE_URL ""
| #define PACKAGE "libeXosip2"
| #define VERSION "3.6.0"
| #define STDC_HEADERS 1
| #define HAVE_SYS_TYPES_H 1
| #define HAVE_SYS_STAT_H 1
| #define HAVE_STDLIB_H 1
| #define HAVE_STRING_H 1
| #define HAVE_MEMORY_H 1
| #define HAVE_STRINGS_H 1
| #define HAVE_INTTYPES_H 1
| #define HAVE_STDINT_H 1
| #define HAVE_UNISTD_H 1
| #define HAVE_DLFCN_H 1
| #define LT_OBJDIR ".libs/"
| /* end confdefs.h.  */
| #include <pthread.h>
| int
| main ()
| {
| pthread_t th; pthread_join(th, 0);
|                      pthread_attr_init(0); pthread_cleanup_push(0, 0);
|                      pthread_create(0,0,0,0); pthread_cleanup_pop(0);
|   ;
|   return 0;
| }
configure:11680: result: no
configure:11632: checking whether pthreads work with -kthread
configure:11671: gcc -o conftest -g -O2 -kthread   conftest.c  -lXsocket -ldagaddr >&5
gcc: error: unrecognized option '-kthread'
configure:11671: $? = 1
configure: failed program was:
| /* confdefs.h */
| #define PACKAGE_NAME ""
| #define PACKAGE_TARNAME ""
| #define PACKAGE_VERSION ""
| #define PACKAGE_STRING ""
| #define PACKAGE_BUGREPORT ""
| #define PACKAGE_URL ""
| #define PACKAGE "libeXosip2"
| #define VERSION "3.6.0"
| #define STDC_HEADERS 1
| #define HAVE_SYS_TYPES_H 1
| #define HAVE_SYS_STAT_H 1
| #define HAVE_STDLIB_H 1
| #define HAVE_STRING_H 1
| #define HAVE_MEMORY_H 1
| #define HAVE_STRINGS_H 1
| #define HAVE_INTTYPES_H 1
| #define HAVE_STDINT_H 1
| #define HAVE_UNISTD_H 1
| #define HAVE_DLFCN_H 1
| #define LT_OBJDIR ".libs/"
| /* end confdefs.h.  */
| #include <pthread.h>
| int
| main ()
| {
| pthread_t th; pthread_join(th, 0);
|                      pthread_attr_init(0); pthread_cleanup_push(0, 0);
|                      pthread_create(0,0,0,0); pthread_cleanup_pop(0);
|   ;
|   return 0;
| }
configure:11680: result: no
configure:11638: checking for the pthreads library -llthread
configure:11671: gcc -o conftest -g -O2    conftest.c -llthread -lXsocket -ldagaddr >&5
/usr/bin/ld: cannot find -llthread
collect2: ld returned 1 exit status
configure:11671: $? = 1
configure: failed program was:
| /* confdefs.h */
| #define PACKAGE_NAME ""
| #define PACKAGE_TARNAME ""
| #define PACKAGE_VERSION ""
| #define PACKAGE_STRING ""
| #define PACKAGE_BUGREPORT ""
| #define PACKAGE_URL ""
| #define PACKAGE "libeXosip2"
| #define VERSION "3.6.0"
| #define STDC_HEADERS 1
| #define HAVE_SYS_TYPES_H 1
| #define HAVE_SYS_STAT_H 1
| #define HAVE_STDLIB_H 1
| #define HAVE_STRING_H 1
| #define HAVE_MEMORY_H 1
| #define HAVE_STRINGS_H 1
| #define HAVE_INTTYPES_H 1
| #define HAVE_STDINT_H 1
| #define HAVE_UNISTD_H 1
| #define HAVE_DLFCN_H 1
| #define LT_OBJDIR ".libs/"
| /* end confdefs.h.  */
| #include <pthread.h>
| int
| main ()
| {
| pthread_t th; pthread_join(th, 0);
|                      pthread_attr_init(0); pthread_cleanup_push(0, 0);
|                      pthread_create(0,0,0,0); pthread_cleanup_pop(0);
|   ;
|   return 0;
| }
configure:11680: result: no
configure:11632: checking whether pthreads work with -pthread
configure:11671: gcc -o conftest -g -O2 -pthread   conftest.c  -lXsocket -ldagaddr >&5
configure:11671: $? = 0
configure:11680: result: yes
configure:11700: checking for joinable pthread attribute
configure:11713: gcc -o conftest -g -O2 -pthread   conftest.c  -lXsocket -ldagaddr >&5
configure:11713: $? = 0
configure:11745: result: PTHREAD_CREATE_JOINABLE
configure:11752: checking if more special flags are required for pthreads
configure:11759: result: no
configure:11771: checking for cc_r
configure:11799: result: gcc
configure:11863: checking semaphore.h usability
configure:11863: gcc -c -g -O2  conftest.c >&5
configure:11863: $? = 0
configure:11863: result: yes
configure:11863: checking semaphore.h presence
configure:11863: gcc -E  conftest.c
configure:11863: $? = 0
configure:11863: result: yes
configure:11863: checking for semaphore.h
configure:11863: result: yes
configure:11875: checking sys/sem.h usability
configure:11875: gcc -c -g -O2  conftest.c >&5
configure:11875: $? = 0
configure:11875: result: yes
configure:11875: checking sys/sem.h presence
configure:11875: gcc -E  conftest.c
configure:11875: $? = 0
configure:11875: result: yes
configure:11875: checking for sys/sem.h
configure:11875: result: yes
configure:11998: checking for sem_open in -lposix4
configure:12023: gcc -o conftest -g    conftest.c -lposix4  -lXsocket -ldagaddr >&5
/usr/bin/ld: cannot find -lposix4
collect2: ld returned 1 exit status
configure:12023: $? = 1
configure: failed program was:
| /* confdefs.h */
| #define PACKAGE_NAME ""
| #define PACKAGE_TARNAME ""
| #define PACKAGE_VERSION ""
| #define PACKAGE_STRING ""
| #define PACKAGE_BUGREPORT ""
| #define PACKAGE_URL ""
| #define PACKAGE "libeXosip2"
| #define VERSION "3.6.0"
| #define STDC_HEADERS 1
| #define HAVE_SYS_TYPES_H 1
| #define HAVE_SYS_STAT_H 1
| #define HAVE_STDLIB_H 1
| #define HAVE_STRING_H 1
| #define HAVE_MEMORY_H 1
| #define HAVE_STRINGS_H 1
| #define HAVE_INTTYPES_H 1
| #define HAVE_STDINT_H 1
| #define HAVE_UNISTD_H 1
| #define HAVE_DLFCN_H 1
| #define LT_OBJDIR ".libs/"
| #define HAVE_PTHREAD 1
| #define HAVE_SEMAPHORE_H 1
| #define HAVE_SYS_SEM_H 1
| /* end confdefs.h.  */
| 
| /* Override any GCC internal prototype to avoid an error.
|    Use char because int might match the return type of a GCC
|    builtin and then its argument prototype would still apply.  */
| #ifdef __cplusplus
| extern "C"
| #endif
| char sem_open ();
| int
| main ()
| {
| return sem_open ();
|   ;
|   return 0;
| }
configure:12032: result: no
configure:12038: checking for nis_add in -lnsl
configure:12063: gcc -o conftest -g    conftest.c -lnsl  -lXsocket -ldagaddr >&5
configure:12063: $? = 0
configure:12072: result: yes
configure:12078: checking for sendto in -lsocket
configure:12103: gcc -o conftest -g    conftest.c -lsocket  -lXsocket -ldagaddr >&5
/usr/bin/ld: cannot find -lsocket
collect2: ld returned 1 exit status
configure:12103: $? = 1
configure: failed program was:
| /* confdefs.h */
| #define PACKAGE_NAME ""
| #define PACKAGE_TARNAME ""
| #define PACKAGE_VERSION ""
| #define PACKAGE_STRING ""
| #define PACKAGE_BUGREPORT ""
| #define PACKAGE_URL ""
| #define PACKAGE "libeXosip2"
| #define VERSION "3.6.0"
| #define STDC_HEADERS 1
| #define HAVE_SYS_TYPES_H 1
| #define HAVE_SYS_STAT_H 1
| #define HAVE_STDLIB_H 1
| #define HAVE_STRING_H 1
| #define HAVE_MEMORY_H 1
| #define HAVE_STRINGS_H 1
| #define HAVE_INTTYPES_H 1
| #define HAVE_STDINT_H 1
| #define HAVE_UNISTD_H 1
| #define HAVE_DLFCN_H 1
| #define LT_OBJDIR ".libs/"
| #define HAVE_PTHREAD 1
| #define HAVE_SEMAPHORE_H 1
| #define HAVE_SYS_SEM_H 1
| /* end confdefs.h.  */
| 
| /* Override any GCC internal prototype to avoid an error.
|    Use char because int might match the return type of a GCC
|    builtin and then its argument prototype would still apply.  */
| #ifdef __cplusplus
| extern "C"
| #endif
| char sendto ();
| int
| main ()
| {
| return sendto ();
|   ;
|   return 0;
| }
configure:12112: result: no
configure:12118: checking for clock_gettime in -lrt
configure:12143: gcc -o conftest -g    conftest.c -lrt  -lXsocket -ldagaddr >&5
configure:12143: $? = 0
configure:12152: result: yes
configure:12163: checking for res_query in -lresolv
configure:12188: gcc -o conftest -g    conftest.c -lresolv  -lXsocket -ldagaddr >&5
configure:12188: $? = 0
configure:12197: result: yes
configure:12203: checking for __res_query in -lresolv
configure:12228: gcc -o conftest -g    conftest.c -lresolv  -lXsocket -ldagaddr >&5
configure:12228: $? = 0
configure:12237: result: yes
configure:12246: checking for ares_init in -lcares
configure:12271: gcc -o conftest -g    conftest.c -lcares  -lXsocket -ldagaddr >&5
/usr/bin/ld: cannot find -lcares
collect2: ld returned 1 exit status
configure:12271: $? = 1
configure: failed program was:
| /* confdefs.h */
| #define PACKAGE_NAME ""
| #define PACKAGE_TARNAME ""
| #define PACKAGE_VERSION ""
| #define PACKAGE_STRING ""
| #define PACKAGE_BUGREPORT ""
| #define PACKAGE_URL ""
| #define PACKAGE "libeXosip2"
| #define VERSION "3.6.0"
| #define STDC_HEADERS 1
| #define HAVE_SYS_TYPES_H 1
| #define HAVE_SYS_STAT_H 1
| #define HAVE_STDLIB_H 1
| #define HAVE_STRING_H 1
| #define HAVE_MEMORY_H 1
| #define HAVE_STRINGS_H 1
| #define HAVE_INTTYPES_H 1
| #define HAVE_STDINT_H 1
| #define HAVE_UNISTD_H 1
| #define HAVE_DLFCN_H 1
| #define LT_OBJDIR ".libs/"
| #define HAVE_PTHREAD 1
| #define HAVE_SEMAPHORE_H 1
| #define HAVE_SYS_SEM_H 1
| /* end confdefs.h.  */
| 
| /* Override any GCC internal prototype to avoid an error.
|    Use char because int might match the return type of a GCC
|    builtin and then its argument prototype would still apply.  */
| #ifdef __cplusplus
| extern "C"
| #endif
| char ares_init ();
| int
| main ()
| {
| return ares_init ();
|   ;
|   return 0;
| }
configure:12280: result: no
configure:12295: WARNING: c-ares library is not installed
configure:12355: checking for pkg-config
configure:12373: found /usr/bin/pkg-config
configure:12385: result: /usr/bin/pkg-config
configure:12410: checking pkg-config is at least version 0.9.0
configure:12413: result: yes
configure:12423: checking for OSIP
configure:12430: $PKG_CONFIG --exists --print-errors "libosip2 >= 3.5"
configure:12433: $? = 0
configure:12447: $PKG_CONFIG --exists --print-errors "libosip2 >= 3.5"
configure:12450: $? = 0
configure:12498: result: yes
configure:12505: checking whether -Wall works
configure:12524: gcc -c -g  -Wall conftest.c >&5
configure:12524: $? = 0
configure:12533: result: yes
configure:12540: checking whether -Wcast-align works
configure:12559: gcc -c -g  -Wcast-align conftest.c >&5
configure:12559: $? = 0
configure:12568: result: yes
configure:12575: checking whether -Wchar-subscripts works
configure:12594: gcc -c -g  -Wchar-subscripts conftest.c >&5
configure:12594: $? = 0
configure:12603: result: yes
configure:12610: checking whether -Wformat works
configure:12629: gcc -c -g  -Wformat conftest.c >&5
configure:12629: $? = 0
configure:12638: result: yes
configure:12645: checking whether -Winline works
configure:12664: gcc -c -g  -Winline conftest.c >&5
configure:12664: $? = 0
configure:12673: result: yes
configure:12680: checking whether -Wmissing-declarations works
configure:12699: gcc -c -g  -Wmissing-declarations conftest.c >&5
configure:12699: $? = 0
configure:12708: result: yes
configure:12715: checking whether -Wmissing-prototypes works
configure:12734: gcc -c -g  -Wmissing-prototypes conftest.c >&5
configure:12734: $? = 0
configure:12743: result: yes
configure:12750: checking whether -Wnested-externs works
configure:12769: gcc -c -g  -Wnested-externs conftest.c >&5
configure:12769: $? = 0
configure:12778: result: yes
configure:12785: checking whether -Wpointer-arith works
configure:12804: gcc -c -g  -Wpointer-arith conftest.c >&5
configure:12804: $? = 0
configure:12813: result: yes
configure:12828: checking for ANSI C header files
configure:12932: result: yes
configure:12942: checking ctype.h usability
configure:12942: gcc -c -g   -Wall -Wcast-align -Wchar-subscripts -Wformat -Winline -Wmissing-declarations -Wmissing-prototypes -Wnested-externs -Wpointer-arith conftest.c >&5
configure:12942: $? = 0
configure:12942: result: yes
configure:12942: checking ctype.h presence
configure:12942: gcc -E  -Wall -Wcast-align -Wchar-subscripts -Wformat -Winline -Wmissing-declarations -Wmissing-prototypes -Wnested-externs -Wpointer-arith conftest.c
configure:12942: $? = 0
configure:12942: result: yes
configure:12942: checking for ctype.h
configure:12942: result: yes
configure:12954: checking for string.h
configure:12954: result: yes
configure:12966: checking for strings.h
configure:12966: result: yes
configure:12978: checking stdio.h usability
configure:12978: gcc -c -g   -Wall -Wcast-align -Wchar-subscripts -Wformat -Winline -Wmissing-declarations -Wmissing-prototypes -Wnested-externs -Wpointer-arith conftest.c >&5
configure:12978: $? = 0
configure:12978: result: yes
configure:12978: checking stdio.h presence
configure:12978: gcc -E  -Wall -Wcast-align -Wchar-subscripts -Wformat -Winline -Wmissing-declarations -Wmissing-prototypes -Wnested-externs -Wpointer-arith conftest.c
configure:12978: $? = 0
configure:12978: result: yes
configure:12978: checking for stdio.h
configure:12978: result: yes
configure:12990: checking for stdlib.h
configure:12990: result: yes
configure:13002: checking for unistd.h
configure:13002: result: yes
configure:13014: checking stdarg.h usability
configure:13014: gcc -c -g   -Wall -Wcast-align -Wchar-subscripts -Wformat -Winline -Wmissing-declarations -Wmissing-prototypes -Wnested-externs -Wpointer-arith conftest.c >&5
configure:13014: $? = 0
configure:13014: result: yes
configure:13014: checking stdarg.h presence
configure:13014: gcc -E  -Wall -Wcast-align -Wchar-subscripts -Wformat -Winline -Wmissing-declarations -Wmissing-prototypes -Wnested-externs -Wpointer-arith conftest.c
configure:13014: $? = 0
configure:13014: result: yes
configure:13014: checking for stdarg.h
configure:13014: result: yes
configure:13026: checking varargs.h usability
configure:13026: gcc -c -g   -Wall -Wcast-align -Wchar-subscripts -Wformat -Winline -Wmissing-declarations -Wmissing-prototypes -Wnested-externs -Wpointer-arith conftest.c >&5
In file included from conftest.c:67:0:
/usr/lib/gcc/i686-linux-gnu/4.6/include/varargs.h:4:2: error: #error "GCC no longer implements <varargs.h>."
/usr/lib/gcc/i686-linux-gnu/4.6/include/varargs.h:5:2: error: #error "Revise your code to use <stdarg.h>."
configure:13026: $? = 1
configure: failed program was:
| /* confdefs.h */
| #define PACKAGE_NAME ""
| #define PACKAGE_TARNAME ""
| #define PACKAGE_VERSION ""
| #define PACKAGE_STRING ""
| #define PACKAGE_BUGREPORT ""
| #define PACKAGE_URL ""
| #define PACKAGE "libeXosip2"
| #define VERSION "3.6.0"
| #define STDC_HEADERS 1
| #define HAVE_SYS_TYPES_H 1
| #define HAVE_SYS_STAT_H 1
| #define HAVE_STDLIB_H 1
| #define HAVE_STRING_H 1
| #define HAVE_MEMORY_H 1
| #define HAVE_STRINGS_H 1
| #define HAVE_INTTYPES_H 1
| #define HAVE_STDINT_H 1
| #define HAVE_UNISTD_H 1
| #define HAVE_DLFCN_H 1
| #define LT_OBJDIR ".libs/"
| #define HAVE_PTHREAD 1
| #define HAVE_SEMAPHORE_H 1
| #define HAVE_SYS_SEM_H 1
| #define STDC_HEADERS 1
| #define HAVE_CTYPE_H 1
| #define HAVE_STRING_H 1
| #define HAVE_STRINGS_H 1
| #define HAVE_STDIO_H 1
| #define HAVE_STDLIB_H 1
| #define HAVE_UNISTD_H 1
| #define HAVE_STDARG_H 1
| /* end confdefs.h.  */
| #include <stdio.h>
| #ifdef HAVE_SYS_TYPES_H
| # include <sys/types.h>
| #endif
| #ifdef HAVE_SYS_STAT_H
| # include <sys/stat.h>
| #endif
| #ifdef STDC_HEADERS
| # include <stdlib.h>
| # include <stddef.h>
| #else
| # ifdef HAVE_STDLIB_H
| #  include <stdlib.h>
| # endif
| #endif
| #ifdef HAVE_STRING_H
| # if !defined STDC_HEADERS && defined HAVE_MEMORY_H
| #  include <memory.h>
| # endif
| # include <string.h>
| #endif
| #ifdef HAVE_STRINGS_H
| # include <strings.h>
| #endif
| #ifdef HAVE_INTTYPES_H
| # include <inttypes.h>
| #endif
| #ifdef HAVE_STDINT_H
| # include <stdint.h>
| #endif
| #ifdef HAVE_UNISTD_H
| # include <unistd.h>
| #endif
| #include <varargs.h>
configure:13026: result: no
configure:13026: checking varargs.h presence
configure:13026: gcc -E  -Wall -Wcast-align -Wchar-subscripts -Wformat -Winline -Wmissing-declarations -Wmissing-prototypes -Wnested-externs -Wpointer-arith conftest.c
In file included from conftest.c:34:0:
/usr/lib/gcc/i686-linux-gnu/4.6/include/varargs.h:4:2: error: #error "GCC no longer implements <varargs.h>."
/usr/lib/gcc/i686-linux-gnu/4.6/include/varargs.h:5:2: error: #error "Revise your code to use <stdarg.h>."
configure:13026: $? = 1
configure: failed program was:
| /* confdefs.h */
| #define PACKAGE_NAME ""
| #define PACKAGE_TARNAME ""
| #define PACKAGE_VERSION ""
| #define PACKAGE_STRING ""
| #define PACKAGE_BUGREPORT ""
| #define PACKAGE_URL ""
| #define PACKAGE "libeXosip2"
| #define VERSION "3.6.0"
| #define STDC_HEADERS 1
| #define HAVE_SYS_TYPES_H 1
| #define HAVE_SYS_STAT_H 1
| #define HAVE_STDLIB_H 1
| #define HAVE_STRING_H 1
| #define HAVE_MEMORY_H 1
| #define HAVE_STRINGS_H 1
| #define HAVE_INTTYPES_H 1
| #define HAVE_STDINT_H 1
| #define HAVE_UNISTD_H 1
| #define HAVE_DLFCN_H 1
| #define LT_OBJDIR ".libs/"
| #define HAVE_PTHREAD 1
| #define HAVE_SEMAPHORE_H 1
| #define HAVE_SYS_SEM_H 1
| #define STDC_HEADERS 1
| #define HAVE_CTYPE_H 1
| #define HAVE_STRING_H 1
| #define HAVE_STRINGS_H 1
| #define HAVE_STDIO_H 1
| #define HAVE_STDLIB_H 1
| #define HAVE_UNISTD_H 1
| #define HAVE_STDARG_H 1
| /* end confdefs.h.  */
| #include <varargs.h>
configure:13026: result: no
configure:13026: checking for varargs.h
configure:13026: result: no
configure:13038: checking sys/time.h usability
configure:13038: gcc -c -g   -Wall -Wcast-align -Wchar-subscripts -Wformat -Winline -Wmissing-declarations -Wmissing-prototypes -Wnested-externs -Wpointer-arith conftest.c >&5
configure:13038: $? = 0
configure:13038: result: yes
configure:13038: checking sys/time.h presence
configure:13038: gcc -E  -Wall -Wcast-align -Wchar-subscripts -Wformat -Winline -Wmissing-declarations -Wmissing-prototypes -Wnested-externs -Wpointer-arith conftest.c
configure:13038: $? = 0
configure:13038: result: yes
configure:13038: checking for sys/time.h
configure:13038: result: yes
configure:13050: checking assert.h usability
configure:13050: gcc -c -g   -Wall -Wcast-align -Wchar-subscripts -Wformat -Winline -Wmissing-declarations -Wmissing-prototypes -Wnested-externs -Wpointer-arith conftest.c >&5
configure:13050: $? = 0
configure:13050: result: yes
configure:13050: checking assert.h presence
configure:13050: gcc -E  -Wall -Wcast-align -Wchar-subscripts -Wformat -Winline -Wmissing-declarations -Wmissing-prototypes -Wnested-externs -Wpointer-arith conftest.c
configure:13050: $? = 0
configure:13050: result: yes
configure:13050: checking for assert.h
configure:13050: result: yes
configure:13062: checking signal.h usability
configure:13062: gcc -c -g   -Wall -Wcast-align -Wchar-subscripts -Wformat -Winline -Wmissing-declarations -Wmissing-prototypes -Wnested-externs -Wpointer-arith conftest.c >&5
configure:13062: $? = 0
configure:13062: result: yes
configure:13062: checking signal.h presence
configure:13062: gcc -E  -Wall -Wcast-align -Wchar-subscripts -Wformat -Winline -Wmissing-declarations -Wmissing-prototypes -Wnested-externs -Wpointer-arith conftest.c
configure:13062: $? = 0
configure:13062: result: yes
configure:13062: checking for signal.h
configure:13062: result: yes
configure:13074: checking sys/signal.h usability
configure:13074: gcc -c -g   -Wall -Wcast-align -Wchar-subscripts -Wformat -Winline -Wmissing-declarations -Wmissing-prototypes -Wnested-externs -Wpointer-arith conftest.c >&5
configure:13074: $? = 0
configure:13074: result: yes
configure:13074: checking sys/signal.h presence
configure:13074: gcc -E  -Wall -Wcast-align -Wchar-subscripts -Wformat -Winline -Wmissing-declarations -Wmissing-prototypes -Wnested-externs -Wpointer-arith conftest.c
configure:13074: $? = 0
configure:13074: result: yes
configure:13074: checking for sys/signal.h
configure:13074: result: yes
configure:13086: checking malloc.h usability
configure:13086: gcc -c -g   -Wall -Wcast-align -Wchar-subscripts -Wformat -Winline -Wmissing-declarations -Wmissing-prototypes -Wnested-externs -Wpointer-arith conftest.c >&5
configure:13086: $? = 0
configure:13086: result: yes
configure:13086: checking malloc.h presence
configure:13086: gcc -E  -Wall -Wcast-align -Wchar-subscripts -Wformat -Winline -Wmissing-declarations -Wmissing-prototypes -Wnested-externs -Wpointer-arith conftest.c
configure:13086: $? = 0
configure:13086: result: yes
configure:13086: checking for malloc.h
configure:13086: result: yes
configure:13098: checking sys/select.h usability
configure:13098: gcc -c -g   -Wall -Wcast-align -Wchar-subscripts -Wformat -Winline -Wmissing-declarations -Wmissing-prototypes -Wnested-externs -Wpointer-arith conftest.c >&5
configure:13098: $? = 0
configure:13098: result: yes
configure:13098: checking sys/select.h presence
configure:13098: gcc -E  -Wall -Wcast-align -Wchar-subscripts -Wformat -Winline -Wmissing-declarations -Wmissing-prototypes -Wnested-externs -Wpointer-arith conftest.c
configure:13098: $? = 0
configure:13098: result: yes
configure:13098: checking for sys/select.h
configure:13098: result: yes
configure:13110: checking for sys/types.h
configure:13110: result: yes
configure:13122: checking fcntl.h usability
configure:13122: gcc -c -g   -Wall -Wcast-align -Wchar-subscripts -Wformat -Winline -Wmissing-declarations -Wmissing-prototypes -Wnested-externs -Wpointer-arith conftest.c >&5
configure:13122: $? = 0
configure:13122: result: yes
configure:13122: checking fcntl.h presence
configure:13122: gcc -E  -Wall -Wcast-align -Wchar-subscripts -Wformat -Winline -Wmissing-declarations -Wmissing-prototypes -Wnested-externs -Wpointer-arith conftest.c
configure:13122: $? = 0
configure:13122: result: yes
configure:13122: checking for fcntl.h
configure:13122: result: yes
configure:13134: checking sys/soundcard.h usability
configure:13134: gcc -c -g   -Wall -Wcast-align -Wchar-subscripts -Wformat -Winline -Wmissing-declarations -Wmissing-prototypes -Wnested-externs -Wpointer-arith conftest.c >&5
configure:13134: $? = 0
configure:13134: result: yes
configure:13134: checking sys/soundcard.h presence
configure:13134: gcc -E  -Wall -Wcast-align -Wchar-subscripts -Wformat -Winline -Wmissing-declarations -Wmissing-prototypes -Wnested-externs -Wpointer-arith conftest.c
configure:13134: $? = 0
configure:13134: result: yes
configure:13134: checking for sys/soundcard.h
configure:13134: result: yes
configure:13146: checking arpa/inet.h usability
configure:13146: gcc -c -g   -Wall -Wcast-align -Wchar-subscripts -Wformat -Winline -Wmissing-declarations -Wmissing-prototypes -Wnested-externs -Wpointer-arith conftest.c >&5
configure:13146: $? = 0
configure:13146: result: yes
configure:13146: checking arpa/inet.h presence
configure:13146: gcc -E  -Wall -Wcast-align -Wchar-subscripts -Wformat -Winline -Wmissing-declarations -Wmissing-prototypes -Wnested-externs -Wpointer-arith conftest.c
configure:13146: $? = 0
configure:13146: result: yes
configure:13146: checking for arpa/inet.h
configure:13146: result: yes
configure:13158: checking arpa/nameser.h usability
configure:13158: gcc -c -g   -Wall -Wcast-align -Wchar-subscripts -Wformat -Winline -Wmissing-declarations -Wmissing-prototypes -Wnested-externs -Wpointer-arith conftest.c >&5
configure:13158: $? = 0
configure:13158: result: yes
configure:13158: checking arpa/nameser.h presence
configure:13158: gcc -E  -Wall -Wcast-align -Wchar-subscripts -Wformat -Winline -Wmissing-declarations -Wmissing-prototypes -Wnested-externs -Wpointer-arith conftest.c
configure:13158: $? = 0
configure:13158: result: yes
configure:13158: checking for arpa/nameser.h
configure:13158: result: yes
configure:13170: checking netdb.h usability
configure:13170: gcc -c -g   -Wall -Wcast-align -Wchar-subscripts -Wformat -Winline -Wmissing-declarations -Wmissing-prototypes -Wnested-externs -Wpointer-arith conftest.c >&5
configure:13170: $? = 0
configure:13170: result: yes
configure:13170: checking netdb.h presence
configure:13170: gcc -E  -Wall -Wcast-align -Wchar-subscripts -Wformat -Winline -Wmissing-declarations -Wmissing-prototypes -Wnested-externs -Wpointer-arith conftest.c
configure:13170: $? = 0
configure:13170: result: yes
configure:13170: checking for netdb.h
configure:13170: result: yes
configure:13182: checking nameser8_compat.h usability
configure:13182: gcc -c -g   -Wall -Wcast-align -Wchar-subscripts -Wformat -Winline -Wmissing-declarations -Wmissing-prototypes -Wnested-externs -Wpointer-arith conftest.c >&5
conftest.c:79:29: fatal error: nameser8_compat.h: No such file or directory
compilation terminated.
configure:13182: $? = 1
configure: failed program was:
| /* confdefs.h */
| #define PACKAGE_NAME ""
| #define PACKAGE_TARNAME ""
| #define PACKAGE_VERSION ""
| #define PACKAGE_STRING ""
| #define PACKAGE_BUGREPORT ""
| #define PACKAGE_URL ""
| #define PACKAGE "libeXosip2"
| #define VERSION "3.6.0"
| #define STDC_HEADERS 1
| #define HAVE_SYS_TYPES_H 1
| #define HAVE_SYS_STAT_H 1
| #define HAVE_STDLIB_H 1
| #define HAVE_STRING_H 1
| #define HAVE_MEMORY_H 1
| #define HAVE_STRINGS_H 1
| #define HAVE_INTTYPES_H 1
| #define HAVE_STDINT_H 1
| #define HAVE_UNISTD_H 1
| #define HAVE_DLFCN_H 1
| #define LT_OBJDIR ".libs/"
| #define HAVE_PTHREAD 1
| #define HAVE_SEMAPHORE_H 1
| #define HAVE_SYS_SEM_H 1
| #define STDC_HEADERS 1
| #define HAVE_CTYPE_H 1
| #define HAVE_STRING_H 1
| #define HAVE_STRINGS_H 1
| #define HAVE_STDIO_H 1
| #define HAVE_STDLIB_H 1
| #define HAVE_UNISTD_H 1
| #define HAVE_STDARG_H 1
| #define HAVE_SYS_TIME_H 1
| #define HAVE_ASSERT_H 1
| #define HAVE_SIGNAL_H 1
| #define HAVE_SYS_SIGNAL_H 1
| #define HAVE_MALLOC_H 1
| #define HAVE_SYS_SELECT_H 1
| #define HAVE_SYS_TYPES_H 1
| #define HAVE_FCNTL_H 1
| #define HAVE_SYS_SOUNDCARD_H 1
| #define HAVE_ARPA_INET_H 1
| #define HAVE_ARPA_NAMESER_H 1
| #define HAVE_NETDB_H 1
| /* end confdefs.h.  */
| #include <stdio.h>
| #ifdef HAVE_SYS_TYPES_H
| # include <sys/types.h>
| #endif
| #ifdef HAVE_SYS_STAT_H
| # include <sys/stat.h>
| #endif
| #ifdef STDC_HEADERS
| # include <stdlib.h>
| # include <stddef.h>
| #else
| # ifdef HAVE_STDLIB_H
| #  include <stdlib.h>
| # endif
| #endif
| #ifdef HAVE_STRING_H
| # if !defined STDC_HEADERS && defined HAVE_MEMORY_H
| #  include <memory.h>
| # endif
| # include <string.h>
| #endif
| #ifdef HAVE_STRINGS_H
| # include <strings.h>
| #endif
| #ifdef HAVE_INTTYPES_H
| # include <inttypes.h>
| #endif
| #ifdef HAVE_STDINT_H
| # include <stdint.h>
| #endif
| #ifdef HAVE_UNISTD_H
| # include <unistd.h>
| #endif
| #include <nameser8_compat.h>
configure:13182: result: no
configure:13182: checking nameser8_compat.h presence
configure:13182: gcc -E  -Wall -Wcast-align -Wchar-subscripts -Wformat -Winline -Wmissing-declarations -Wmissing-prototypes -Wnested-externs -Wpointer-arith conftest.c
conftest.c:46:29: fatal error: nameser8_compat.h: No such file or directory
compilation terminated.
configure:13182: $? = 1
configure: failed program was:
| /* confdefs.h */
| #define PACKAGE_NAME ""
| #define PACKAGE_TARNAME ""
| #define PACKAGE_VERSION ""
| #define PACKAGE_STRING ""
| #define PACKAGE_BUGREPORT ""
| #define PACKAGE_URL ""
| #define PACKAGE "libeXosip2"
| #define VERSION "3.6.0"
| #define STDC_HEADERS 1
| #define HAVE_SYS_TYPES_H 1
| #define HAVE_SYS_STAT_H 1
| #define HAVE_STDLIB_H 1
| #define HAVE_STRING_H 1
| #define HAVE_MEMORY_H 1
| #define HAVE_STRINGS_H 1
| #define HAVE_INTTYPES_H 1
| #define HAVE_STDINT_H 1
| #define HAVE_UNISTD_H 1
| #define HAVE_DLFCN_H 1
| #define LT_OBJDIR ".libs/"
| #define HAVE_PTHREAD 1
| #define HAVE_SEMAPHORE_H 1
| #define HAVE_SYS_SEM_H 1
| #define STDC_HEADERS 1
| #define HAVE_CTYPE_H 1
| #define HAVE_STRING_H 1
| #define HAVE_STRINGS_H 1
| #define HAVE_STDIO_H 1
| #define HAVE_STDLIB_H 1
| #define HAVE_UNISTD_H 1
| #define HAVE_STDARG_H 1
| #define HAVE_SYS_TIME_H 1
| #define HAVE_ASSERT_H 1
| #define HAVE_SIGNAL_H 1
| #define HAVE_SYS_SIGNAL_H 1
| #define HAVE_MALLOC_H 1
| #define HAVE_SYS_SELECT_H 1
| #define HAVE_SYS_TYPES_H 1
| #define HAVE_FCNTL_H 1
| #define HAVE_SYS_SOUNDCARD_H 1
| #define HAVE_ARPA_INET_H 1
| #define HAVE_ARPA_NAMESER_H 1
| #define HAVE_NETDB_H 1
| /* end confdefs.h.  */
| #include <nameser8_compat.h>
configure:13182: result: no
configure:13182: checking for nameser8_compat.h
configure:13182: result: no
configure:13194: checking arpa/nameser_compat.h usability
configure:13194: gcc -c -g   -Wall -Wcast-align -Wchar-subscripts -Wformat -Winline -Wmissing-declarations -Wmissing-prototypes -Wnested-externs -Wpointer-arith conftest.c >&5
configure:13194: $? = 0
configure:13194: result: yes
configure:13194: checking arpa/nameser_compat.h presence
configure:13194: gcc -E  -Wall -Wcast-align -Wchar-subscripts -Wformat -Winline -Wmissing-declarations -Wmissing-prototypes -Wnested-externs -Wpointer-arith conftest.c
configure:13194: $? = 0
configure:13194: result: yes
configure:13194: checking for arpa/nameser_compat.h
configure:13194: result: yes
configure:13207: checking for resolv.h
configure:13207: gcc -c -g   -Wall -Wcast-align -Wchar-subscripts -Wformat -Winline -Wmissing-declarations -Wmissing-prototypes -Wnested-externs -Wpointer-arith conftest.c >&5
configure:13207: $? = 0
configure:13207: result: yes
configure:13230: checking for getifaddrs
configure:13230: gcc -o conftest -g   -Wall -Wcast-align -Wchar-subscripts -Wformat -Winline -Wmissing-declarations -Wmissing-prototypes -Wnested-externs -Wpointer-arith  conftest.c -lXsocket -ldagaddr >&5
configure:13230: $? = 0
configure:13230: result: yes
configure:13251: checking openssl/ssl.h usability
configure:13251: gcc -c -g   -Wall -Wcast-align -Wchar-subscripts -Wformat -Winline -Wmissing-declarations -Wmissing-prototypes -Wnested-externs -Wpointer-arith conftest.c >&5
configure:13251: $? = 0
configure:13251: result: yes
configure:13251: checking openssl/ssl.h presence
configure:13251: gcc -E  -Wall -Wcast-align -Wchar-subscripts -Wformat -Winline -Wmissing-declarations -Wmissing-prototypes -Wnested-externs -Wpointer-arith conftest.c
configure:13251: $? = 0
configure:13251: result: yes
configure:13251: checking for openssl/ssl.h
configure:13251: result: yes
configure:13261: checking for SSL_CTX_new in -lssl
configure:13286: gcc -o conftest -g   -Wall -Wcast-align -Wchar-subscripts -Wformat -Winline -Wmissing-declarations -Wmissing-prototypes -Wnested-externs -Wpointer-arith  conftest.c -lssl  -lXsocket -ldagaddr >&5
configure:13286: $? = 0
configure:13295: result: yes
configure:13301: checking for X509_get_issuer_name in -lcrypto
configure:13326: gcc -o conftest -g   -Wall -Wcast-align -Wchar-subscripts -Wformat -Winline -Wmissing-declarations -Wmissing-prototypes -Wnested-externs -Wpointer-arith  conftest.c -lcrypto  -lXsocket -ldagaddr >&5
configure:13326: $? = 0
configure:13335: result: yes
configure:13499: creating ./config.status

## ---------------------- ##
## Running config.status. ##
## ---------------------- ##

This file was extended by config.status, which was
generated by GNU Autoconf 2.68.  Invocation command line was

  CONFIG_FILES    = 
  CONFIG_HEADERS  = 
  CONFIG_LINKS    = 
  CONFIG_COMMANDS = 
  $ ./config.status 

on ubuntu

config.status:1146: creating Makefile
config.status:1146: creating scripts/Makefile
config.status:1146: creating platform/Makefile
config.status:1146: creating platform/vsnet/Makefile
config.status:1146: creating platform/wince/Makefile
config.status:1146: creating include/Makefile
config.status:1146: creating include/eXosip2/Makefile
config.status:1146: creating src/Makefile
config.status:1146: creating tools/Makefile
config.status:1146: creating help/Makefile
config.status:1146: creating help/doxygen/Makefile
config.status:1146: creating help/doxygen/doxygen.dox
config.status:1146: creating config.h
config.status:1327: config.h is unchanged
config.status:1375: executing depfiles commands
config.status:1375: executing libtool commands

## ---------------- ##
## Cache variables. ##
## ---------------- ##

Wall_cv_flag=yes
Wcast_align_cv_flag=yes
Wchar_subscripts_cv_flag=yes
Wformat_cv_flag=yes
Winline_cv_flag=yes
Wmissing_declarations_cv_flag=yes
Wmissing_prototypes_cv_flag=yes
Wnested_externs_cv_flag=yes
Wpointer_arith_cv_flag=yes
ac_cv_build=i686-pc-linux-gnu
ac_cv_c_compiler_gnu=yes
ac_cv_env_CC_set=
ac_cv_env_CC_value=
ac_cv_env_CFLAGS_set=
ac_cv_env_CFLAGS_value=
ac_cv_env_CPPFLAGS_set=
ac_cv_env_CPPFLAGS_value=
ac_cv_env_CPP_set=
ac_cv_env_CPP_value=
ac_cv_env_LDFLAGS_set=
ac_cv_env_LDFLAGS_value=
ac_cv_env_LIBS_set=set
ac_cv_env_LIBS_value='-lXsocket -ldagaddr'
ac_cv_env_OSIP_CFLAGS_set=
ac_cv_env_OSIP_CFLAGS_value=
ac_cv_env_OSIP_LIBS_set=
ac_cv_env_OSIP_LIBS_value=
ac_cv_env_PKG_CONFIG_LIBDIR_set=
ac_cv_env_PKG_CONFIG_LIBDIR_value=
ac_cv_env_PKG_CONFIG_PATH_set=
ac_cv_env_PKG_CONFIG_PATH_value=
ac_cv_env_PKG_CONFIG_set=
ac_cv_env_PKG_CONFIG_value=
ac_cv_env_build_alias_set=
ac_cv_env_build_alias_value=
ac_cv_env_host_alias_set=
ac_cv_env_host_alias_value=
ac_cv_env_target_alias_set=
ac_cv_env_target_alias_value=
ac_cv_func_getifaddrs=yes
ac_cv_header_arpa_inet_h=yes
ac_cv_header_arpa_nameser_compat_h=yes
ac_cv_header_arpa_nameser_h=yes
ac_cv_header_assert_h=yes
ac_cv_header_ctype_h=yes
ac_cv_header_dlfcn_h=yes
ac_cv_header_fcntl_h=yes
ac_cv_header_inttypes_h=yes
ac_cv_header_malloc_h=yes
ac_cv_header_memory_h=yes
ac_cv_header_nameser8_compat_h=no
ac_cv_header_netdb_h=yes
ac_cv_header_openssl_ssl_h=yes
ac_cv_header_resolv_h=yes
ac_cv_header_semaphore_h=yes
ac_cv_header_signal_h=yes
ac_cv_header_stdarg_h=yes
ac_cv_header_stdc=yes
ac_cv_header_stdint_h=yes
ac_cv_header_stdio_h=yes
ac_cv_header_stdlib_h=yes
ac_cv_header_string_h=yes
ac_cv_header_strings_h=yes
ac_cv_header_sys_select_h=yes
ac_cv_header_sys_sem_h=yes
ac_cv_header_sys_signal_h=yes
ac_cv_header_sys_soundcard_h=yes
ac_cv_header_sys_stat_h=yes
ac_cv_header_sys_time_h=yes
ac_cv_header_sys_types_h=yes
ac_cv_header_unistd_h=yes
ac_cv_header_varargs_h=no
ac_cv_host=i686-pc-linux-gnu
ac_cv_lib_cares_ares_init=no
ac_cv_lib_crypto_X509_get_issuer_name=yes
ac_cv_lib_nsl_nis_add=yes
ac_cv_lib_posix4_sem_open=no
ac_cv_lib_resolv___res_query=yes
ac_cv_lib_resolv_res_query=yes
ac_cv_lib_rt_clock_gettime=yes
ac_cv_lib_socket_sendto=no
ac_cv_lib_ssl_SSL_CTX_new=yes
ac_cv_objext=o
ac_cv_path_EGREP='/bin/grep -E'
ac_cv_path_FGREP='/bin/grep -F'
ac_cv_path_GREP=/bin/grep
ac_cv_path_SED=/bin/sed
ac_cv_path_ac_pt_PKG_CONFIG=/usr/bin/pkg-config
ac_cv_path_install='/usr/bin/install -c'
ac_cv_path_mkdir=/bin/mkdir
ac_cv_prog_AWK=mawk
ac_cv_prog_CPP='gcc -E'
ac_cv_prog_PTHREAD_CC=gcc
ac_cv_prog_ac_ct_AR=ar
ac_cv_prog_ac_ct_CC=gcc
ac_cv_prog_ac_ct_MANIFEST_TOOL=mt
ac_cv_prog_ac_ct_OBJDUMP=objdump
ac_cv_prog_ac_ct_RANLIB=ranlib
ac_cv_prog_ac_ct_STRIP=strip
ac_cv_prog_cc_c89=
ac_cv_prog_cc_g=yes
ac_cv_prog_make_make_set=yes
am_cv_CC_dependencies_compiler_type=gcc3
lt_cv_ar_at_file=@
lt_cv_archive_cmds_need_lc=no
lt_cv_deplibs_check_method=pass_all
lt_cv_file_magic_cmd='$MAGIC_CMD'
lt_cv_file_magic_test_file=
lt_cv_ld_reload_flag=-r
lt_cv_nm_interface='BSD nm'
lt_cv_objdir=.libs
lt_cv_path_LD=/usr/bin/ld
lt_cv_path_NM='/usr/bin/nm -B'
lt_cv_path_mainfest_tool=no
lt_cv_prog_compiler_c_o=yes
lt_cv_prog_compiler_pic='-fPIC -DPIC'
lt_cv_prog_compiler_pic_works=yes
lt_cv_prog_compiler_rtti_exceptions=no
lt_cv_prog_compiler_static_works=no
lt_cv_prog_gnu_ld=yes
lt_cv_sharedlib_from_linklib_cmd='printf %s\n'
lt_cv_shlibpath_overrides_runpath=no
lt_cv_sys_global_symbol_pipe='sed -n -e '\''s/^.*[	 ]\([ABCDGIRSTW][ABCDGIRSTW]*\)[	 ][	 ]*\([_A-Za-z][_A-Za-z0-9]*\)$/\1 \2 \2/p'\'' | sed '\''/ __gnu_lto/d'\'''
lt_cv_sys_global_symbol_to_c_name_address='sed -n -e '\''s/^: \([^ ]*\)[ ]*$/  {\"\1\", (void *) 0},/p'\'' -e '\''s/^[ABCDGIRSTW]* \([^ ]*\) \([^ ]*\)$/  {"\2", (void *) \&\2},/p'\'''
lt_cv_sys_global_symbol_to_c_name_address_lib_prefix='sed -n -e '\''s/^: \([^ ]*\)[ ]*$/  {\"\1\", (void *) 0},/p'\'' -e '\''s/^[ABCDGIRSTW]* \([^ ]*\) \(lib[^ ]*\)$/  {"\2", (void *) \&\2},/p'\'' -e '\''s/^[ABCDGIRSTW]* \([^ ]*\) \([^ ]*\)$/  {"lib\2", (void *) \&\2},/p'\'''
lt_cv_sys_global_symbol_to_cdecl='sed -n -e '\''s/^T .* \(.*\)$/extern int \1();/p'\'' -e '\''s/^[ABCDGIRSTW]* .* \(.*\)$/extern char \1;/p'\'''
lt_cv_sys_max_cmd_len=1572864
lt_cv_to_host_file_cmd=func_convert_file_noop
lt_cv_to_tool_file_cmd=func_convert_file_noop
pkg_cv_OSIP_CFLAGS='-DOSIP_MT -I/usr/local/include  '
pkg_cv_OSIP_LIBS='-L/usr/local/lib -losipparser2 -losip2  '

## ----------------- ##
## Output variables. ##
## ----------------- ##

ACLOCAL='${SHELL} /home/roger/sip_linphone/exosip/scripts/missing --run aclocal-1.11 -I scripts'
AMDEPBACKSLASH='\'
AMDEP_FALSE='#'
AMDEP_TRUE=''
AMTAR='$${TAR-tar}'
AR='ar'
AUTOCONF='${SHELL} /home/roger/sip_linphone/exosip/scripts/missing --run autoconf'
AUTOHEADER='${SHELL} /home/roger/sip_linphone/exosip/scripts/missing --run autoheader'
AUTOMAKE='${SHELL} /home/roger/sip_linphone/exosip/scripts/missing --run automake-1.11'
AWK='mawk'
BUILD_MAXSIZE_FALSE='#'
BUILD_MAXSIZE_TRUE=''
CC='gcc'
CCDEPMODE='depmode=gcc3'
CFLAGS='-g '
COMPILE_TOOLS_FALSE='#'
COMPILE_TOOLS_TRUE=''
CPP='gcc -E'
CPPFLAGS=' -Wall -Wcast-align -Wchar-subscripts -Wformat -Winline -Wmissing-declarations -Wmissing-prototypes -Wnested-externs -Wpointer-arith -DSRV_RECORD'
CYGPATH_W='echo'
DEFS='-DHAVE_CONFIG_H'
DEPDIR='.deps'
DLLTOOL='false'
DSYMUTIL=''
DUMPBIN=''
ECHO_C=''
ECHO_N='-n'
ECHO_T=''
EGREP='/bin/grep -E'
EXEEXT=''
EXOSIP_FLAGS=' -DOSIP_MT -pedantic -DENABLE_DEBUG -g -DENABLE_TRACE'
EXOSIP_LIB=' -lnsl -lrt -lresolv -lresolv -lssl -lcrypto'
EXOSIP_VERSION='3.6.0'
FGREP='/bin/grep -F'
GREP='/bin/grep'
INSIDE_GNOME_COMMON_FALSE=''
INSIDE_GNOME_COMMON_TRUE='#'
INSTALL_DATA='${INSTALL} -m 644'
INSTALL_PROGRAM='${INSTALL}'
INSTALL_SCRIPT='${INSTALL}'
INSTALL_STRIP_PROGRAM='$(install_sh) -c -s'
LD='/usr/bin/ld'
LDFLAGS=''
LIBEXOSIP_SO_VERSION='9:0:2'
LIBOBJS=''
LIBS='-lXsocket -ldagaddr'
LIBTOOL='$(SHELL) $(top_builddir)/libtool'
LIPO=''
LN_S='ln -s'
LTLIBOBJS=''
MAKEINFO='${SHELL} /home/roger/sip_linphone/exosip/scripts/missing --run makeinfo'
MANIFEST_TOOL=':'
MKDIR_P='/bin/mkdir -p'
NM='/usr/bin/nm -B'
NMEDIT=''
OBJDUMP='objdump'
OBJEXT='o'
OSIP_CFLAGS='-DOSIP_MT -I/usr/local/include  '
OSIP_LIBS='-L/usr/local/lib -losipparser2 -losip2  '
OTOOL64=''
OTOOL=''
PACKAGE='libeXosip2'
PACKAGE_BUGREPORT=''
PACKAGE_NAME=''
PACKAGE_STRING=''
PACKAGE_TARNAME=''
PACKAGE_URL=''
PACKAGE_VERSION=''
PATH_SEPARATOR=':'
PKG_CONFIG='/usr/bin/pkg-config'
PKG_CONFIG_LIBDIR=''
PKG_CONFIG_PATH=''
PTHREAD_CC='gcc'
PTHREAD_CFLAGS='-pthread'
PTHREAD_LIBS=''
RANLIB='ranlib'
SED='/bin/sed'
SET_MAKE=''
SHELL='/bin/bash'
STRIP='strip'
TOOLS_LIBS=''
VERSION='3.6.0'
ac_aux_dir='scripts'
ac_ct_AR='ar'
ac_ct_CC='gcc'
ac_ct_DUMPBIN=''
am__EXEEXT_FALSE=''
am__EXEEXT_TRUE='#'
am__fastdepCC_FALSE='#'
am__fastdepCC_TRUE=''
am__include='include'
am__isrc=''
am__leading_dot='.'
am__nodep='_no'
am__quote=''
am__tar='$${TAR-tar} chof - "$$tardir"'
am__untar='$${TAR-tar} xf -'
bindir='${exec_prefix}/bin'
build='i686-pc-linux-gnu'
build_alias=''
build_cpu='i686'
build_os='linux-gnu'
build_vendor='pc'
datadir='${datarootdir}'
datarootdir='${prefix}/share'
docdir='${datarootdir}/doc/${PACKAGE}'
dvidir='${docdir}'
exec_prefix='${prefix}'
host='i686-pc-linux-gnu'
host_alias=''
host_cpu='i686'
host_os='linux-gnu'
host_vendor='pc'
htmldir='${docdir}'
includedir='${prefix}/include'
infodir='${datarootdir}/info'
install_sh='${SHELL} /home/roger/sip_linphone/exosip/scripts/install-sh'
libdir='${exec_prefix}/lib'
libexecdir='${exec_prefix}/libexec'
localedir='${datarootdir}/locale'
localstatedir='${prefix}/var'
mandir='${datarootdir}/man'
mkdir_p='/bin/mkdir -p'
oldincludedir='/usr/include'
pdfdir='${docdir}'
prefix='/usr/local'
program_transform_name='s,x,x,'
psdir='${docdir}'
sbindir='${exec_prefix}/sbin'
sharedstatedir='${prefix}/com'
sysconfdir='${prefix}/etc'
target_alias=''

## ----------- ##
## confdefs.h. ##
## ----------- ##

/* confdefs.h */
#define PACKAGE_NAME ""
#define PACKAGE_TARNAME ""
#define PACKAGE_VERSION ""
#define PACKAGE_STRING ""
#define PACKAGE_BUGREPORT ""
#define PACKAGE_URL ""
#define PACKAGE "libeXosip2"
#define VERSION "3.6.0"
#define STDC_HEADERS 1
#define HAVE_SYS_TYPES_H 1
#define HAVE_SYS_STAT_H 1
#define HAVE_STDLIB_H 1
#define HAVE_STRING_H 1
#define HAVE_MEMORY_H 1
#define HAVE_STRINGS_H 1
#define HAVE_INTTYPES_H 1
#define HAVE_STDINT_H 1
#define HAVE_UNISTD_H 1
#define HAVE_DLFCN_H 1
#define LT_OBJDIR ".libs/"
#define HAVE_PTHREAD 1
#define HAVE_SEMAPHORE_H 1
#define HAVE_SYS_SEM_H 1
#define STDC_HEADERS 1
#define HAVE_CTYPE_H 1
#define HAVE_STRING_H 1
#define HAVE_STRINGS_H 1
#define HAVE_STDIO_H 1
#define HAVE_STDLIB_H 1
#define HAVE_UNISTD_H 1
#define HAVE_STDARG_H 1
#define HAVE_SYS_TIME_H 1
#define HAVE_ASSERT_H 1
#define HAVE_SIGNAL_H 1
#define HAVE_SYS_SIGNAL_H 1
#define HAVE_MALLOC_H 1
#define HAVE_SYS_SELECT_H 1
#define HAVE_SYS_TYPES_H 1
#define HAVE_FCNTL_H 1
#define HAVE_SYS_SOUNDCARD_H 1
#define HAVE_ARPA_INET_H 1
#define HAVE_ARPA_NAMESER_H 1
#define HAVE_NETDB_H 1
#define HAVE_ARPA_NAMESER_COMPAT_H 1
#define HAVE_RESOLV_H 1
#define HAVE_GETIFADDRS 1
#define HAVE_OPENSSL_SSL_H 1

configure: exit 0
